빌드 시작: 2015-06-07 오후 3:30:35
     1>2 노드의 "D:\hanul\vcpp\ApaCamMotor\ApaCamMotor\ApaCamMotor.vcxproj" 프로젝트(build 대상)입니다.
     1>InitializeBuildStatus:
         "AlwaysCreate"이(가) 지정되었기 때문에 "Debug\ApaCamMotor.unsuccessfulbuild"을(를) 만들고 있습니다.
       ClCompile:
         C:\Program Files (x86)\Microsoft Visual Studio 10.0\VC\bin\CL.exe /c /ZI /nologo /W3 /WX- /Od /Oy- /D _UNICODE /D UNICODE /Gm /EHsc /RTC1 /MDd /GS /fp:precise /Zc:wchar_t /Zc:forScope /Fo"Debug\\" /Fd"Debug\vc100.pdb" /Gd /TP /analyze- /errorReport:prompt CamMotorMain.cpp
         CamMotorMain.cpp
     1>d:\hanul\vcpp\apacammotor\apacammotor\cammotormain.cpp(117): warning C4244: '=' : 'float'에서 'int'(으)로 변환하면서 데이터가 손실될 수 있습니다.
     1>d:\hanul\vcpp\apacammotor\apacammotor\cammotormain.cpp(119): warning C4244: '=' : 'float'에서 'int'(으)로 변환하면서 데이터가 손실될 수 있습니다.
     1>d:\hanul\vcpp\apacammotor\apacammotor\cammotormain.cpp(120): warning C4244: '=' : 'float'에서 'int'(으)로 변환하면서 데이터가 손실될 수 있습니다.
     1>d:\hanul\vcpp\apacammotor\apacammotor\cammotormain.cpp(163): warning C4244: '=' : 'float'에서 'int'(으)로 변환하면서 데이터가 손실될 수 있습니다.
     1>d:\hanul\vcpp\apacammotor\apacammotor\cammotormain.cpp(169): warning C4244: '=' : 'double'에서 'unsigned char'(으)로 변환하면서 데이터가 손실될 수 있습니다.
     1>d:\hanul\vcpp\apacammotor\apacammotor\cammotormain.cpp(170): warning C4244: '=' : 'double'에서 'unsigned char'(으)로 변환하면서 데이터가 손실될 수 있습니다.
     1>d:\hanul\vcpp\apacammotor\apacammotor\cammotormain.cpp(171): warning C4244: '=' : 'double'에서 'unsigned char'(으)로 변환하면서 데이터가 손실될 수 있습니다.
     1>d:\hanul\vcpp\apacammotor\apacammotor\cammotormain.cpp(176): warning C4244: '초기화 중' : 'double'에서 'int'(으)로 변환하면서 데이터가 손실될 수 있습니다.
     1>d:\hanul\vcpp\apacammotor\apacammotor\cammotormain.cpp(195): warning C4244: '=' : 'double'에서 'unsigned char'(으)로 변환하면서 데이터가 손실될 수 있습니다.
     1>d:\hanul\vcpp\apacammotor\apacammotor\cammotormain.cpp(196): warning C4244: '=' : 'double'에서 'unsigned char'(으)로 변환하면서 데이터가 손실될 수 있습니다.
     1>d:\hanul\vcpp\apacammotor\apacammotor\cammotormain.cpp(197): warning C4244: '=' : 'double'에서 'unsigned char'(으)로 변환하면서 데이터가 손실될 수 있습니다.
     1>d:\hanul\vcpp\apacammotor\apacammotor\cammotormain.cpp(534): warning C4244: '인수' : 'double'에서 'unsigned char'(으)로 변환하면서 데이터가 손실될 수 있습니다.
     1>d:\hanul\vcpp\apacammotor\apacammotor\cammotormain.cpp(654): warning C4244: '=' : 'float'에서 'int'(으)로 변환하면서 데이터가 손실될 수 있습니다.
     1>d:\hanul\vcpp\apacammotor\apacammotor\cammotormain.cpp(751): warning C4244: '=' : 'float'에서 'int'(으)로 변환하면서 데이터가 손실될 수 있습니다.
     1>d:\hanul\vcpp\apacammotor\apacammotor\cammotormain.cpp(752): warning C4244: '=' : 'float'에서 'int'(으)로 변환하면서 데이터가 손실될 수 있습니다.
     1>d:\hanul\vcpp\apacammotor\apacammotor\cammotormain.cpp(753): warning C4244: '=' : 'float'에서 'int'(으)로 변환하면서 데이터가 손실될 수 있습니다.
         모든 출력이 최신 상태입니다.
       Link:
         C:\Program Files (x86)\Microsoft Visual Studio 10.0\VC\bin\link.exe /ERRORREPORT:PROMPT /OUT:"D:\hanul\vcpp\ApaCamMotor\Debug\ApaCamMotor.exe" /NOLOGO kernel32.lib user32.lib gdi32.lib winspool.lib comdlg32.lib advapi32.lib shell32.lib ole32.lib oleaut32.lib uuid.lib odbc32.lib odbccp32.lib /MANIFEST /ManifestFile:"Debug\ApaCamMotor.exe.intermediate.manifest" /MANIFESTUAC:"level='asInvoker' uiAccess='false'" /DEBUG /PDB:"D:\hanul\vcpp\ApaCamMotor\Debug\ApaCamMotor.pdb" /TLBID:1 /DYNAMICBASE /NXCOMPAT /IMPLIB:"D:\hanul\vcpp\ApaCamMotor\Debug\ApaCamMotor.lib" /MACHINE:X86 Debug\CamMotorMain.obj
         Debug\senoBrush.obj
         Debug\senoDataUnit.obj
         Debug\senoDataUnitSpace.obj
         Debug\senovision.obj
         Debug\senoVR.obj
         Debug\SerialComm.obj
         Debug\UartBusProto.obj
         LINK : D:\hanul\vcpp\ApaCamMotor\Debug\ApaCamMotor.exe을(를) 찾을 수 없거나 마지막 증분 링크에 의해 빌드되지 않았습니다. 전체 링크를 수행하고 있습니다.
         ApaCamMotor.vcxproj -> D:\hanul\vcpp\ApaCamMotor\Debug\ApaCamMotor.exe
       Manifest:
         C:\Program Files (x86)\Microsoft SDKs\Windows\v7.0A\bin\mt.exe /nologo /verbose /outputresource:"D:\hanul\vcpp\ApaCamMotor\Debug\ApaCamMotor.exe;#1" /manifest Debug\ApaCamMotor.exe.intermediate.manifest
       FinalizeBuildStatus:
         "Debug\ApaCamMotor.unsuccessfulbuild" 파일을 삭제하고 있습니다.
         "Debug\ApaCamMotor.lastbuildstate"에 연결(touching)하고 있습니다.
     1>"D:\hanul\vcpp\ApaCamMotor\ApaCamMotor\ApaCamMotor.vcxproj" 프로젝트를 빌드했습니다(build 대상).

빌드했습니다.

경과 시간: 00:00:10.89
